# yersinia v0.8.2 started in v1r91n on Mon Dec 25 11:32:24 2023

Network Interface enp0s31f6

 enp0s31f6 iflinkname EN10MB
 enp0s31f6 iflinkdesc Ethernet
 enp0s31f6 MAC = 7085.c256.6a69
Network Interface lo

 lo iflinkname EN10MB
 lo iflinkdesc Ethernet
 lo MAC = 0000.0000.0000
Network Interface bluetooth0
Network Interface bluetooth-monitor
pcap_open_live failed: bluetooth-monito: No such device exists (No such device exists)
Network Interface nflog
Network Interface nfqueue

 th_uptime thread = 772726C0

 gtk_gui_th = 76A716C0
Error in gtk_tree_view_get_model
Error in gtk_tree_view_get_model
Error in gtk_tree_view_get_model
Error in gtk_tree_view_get_model
Error in gtk_tree_view_get_model
Error in gtk_tree_view_get_model
Error in gtk_tree_view_get_model
Error in gtk_tree_view_get_model
Error in gtk_tree_view_get_model
Error in gtk_tree_view_get_model
Error in gtk_tree_view_get_model
Error in gtk_tree_view_get_model
Error in gtk_tree_view_get_model
Error in gtk_tree_view_get_model
Error in gtk_tree_view_get_model
Error in gtk_tree_view_get_model
Error in gtk_tree_view_get_model
Error in gtk_tree_view_get_model
Error in gtk_tree_view_get_model
Error in gtk_tree_view_get_model
Error in gtk_tree_view_get_model
Error in gtk_tree_view_get_model
Error in gtk_tree_view_get_model
Error in gtk_tree_view_get_model
Exiting GTK mode...

 gtk_gui_th_exit start...
 gtk_gui_th_exit finish...
 g00dbye function called from 77A773C0

 ints_destroy started...
 ints_destroy killing pcap_listener(2007447232)...

 thread_destroy 77A773C0 destroying 77A736C0...

 ints_pcap_listen_exit started...

 ints_pcap_listen_exit finished...
 thread_destroy 77A773C0 after PTHREAD_JOIN 0...
 ints_destroy finished...
 Showing MOTD..
# yersinia finished on Mon Dec 25 11:32:36 2023

# yersinia v0.8.2 started in v1r91n on Mon Dec 25 11:35:20 2023

Network Interface enp0s31f6

 enp0s31f6 iflinkname EN10MB
 enp0s31f6 iflinkdesc Ethernet
 enp0s31f6 MAC = 7085.c256.6a69
Network Interface lo

 lo iflinkname EN10MB
 lo iflinkdesc Ethernet
 lo MAC = 0000.0000.0000
Network Interface bluetooth0
Network Interface bluetooth-monitor
pcap_open_live failed: bluetooth-monito: No such device exists (No such device exists)
Network Interface nflog
Network Interface nfqueue

 th_uptime thread = 18A976C0

 gtk_gui_th = 182966C0
Error in gtk_tree_view_get_model
Error in gtk_tree_view_get_model
Error in gtk_tree_view_get_model
Error in gtk_tree_view_get_model
Error in gtk_tree_view_get_model
Error in gtk_tree_view_get_model
Error in gtk_tree_view_get_model
Error in gtk_tree_view_get_model
Error in gtk_tree_view_get_model
Error in gtk_tree_view_get_model
Error in gtk_tree_view_get_model
Error in gtk_tree_view_get_model
Error in gtk_tree_view_get_model
Error in gtk_tree_view_get_model
Error in gtk_tree_view_get_model
Error in gtk_tree_view_get_model
Error in gtk_tree_view_get_model
Error in gtk_tree_view_get_model
Error in gtk_tree_view_get_model
Error in gtk_tree_view_get_model
Exiting GTK mode...

 gtk_gui_th_exit start...
 gtk_gui_th_exit finish...
 g00dbye function called from 1929C3C0

 ints_destroy started...
 ints_destroy killing pcap_listener(422151872)...

 thread_destroy 1929C3C0 destroying 192986C0...

 ints_pcap_listen_exit started...

 ints_pcap_listen_exit finished...
 thread_destroy 1929C3C0 after PTHREAD_JOIN 0...
 ints_destroy finished...
 Showing MOTD..
# yersinia finished on Mon Dec 25 11:35:31 2023

